\\mac\home\documents\visual studio 2015\projects\dx_170619_02_jump\debug\vc140.pdb
\\mac\home\documents\visual studio 2015\projects\dx_170619_02_jump\debug\vc140.idb
\\mac\home\documents\visual studio 2015\projects\dx_170619_02_jump\debug\input.obj
\\mac\home\documents\visual studio 2015\projects\dx_170619_02_jump\debug\main.obj
\\mac\home\documents\visual studio 2015\projects\dx_170619_02_jump\debug\polygon.obj
\\mac\home\documents\visual studio 2015\projects\dx_170621_01_rotate\debug\vc140.pdb
\\mac\home\documents\visual studio 2015\projects\dx_170621_01_rotate\debug\vc140.idb
\\mac\home\documents\visual studio 2015\projects\dx_170621_01_rotate\debug\input.obj
\\mac\home\documents\visual studio 2015\projects\dx_170621_01_rotate\debug\main.obj
\\mac\home\documents\visual studio 2015\projects\dx_170621_01_rotate\debug\polygon.obj
\\mac\home\documents\visual studio 2015\projects\dirextx_3d\dx_171203_01_\debug\vc140.pdb
\\mac\home\documents\visual studio 2015\projects\dirextx_3d\dx_171203_01_\debug\vc140.idb
\\mac\home\documents\visual studio 2015\projects\dirextx_3d\dx_171203_01_\debug\basescene.obj
\\mac\home\documents\visual studio 2015\projects\dirextx_3d\dx_171203_01_\debug\billboard.obj
\\mac\home\documents\visual studio 2015\projects\dirextx_3d\dx_171203_01_\debug\camera.obj
\\mac\home\documents\visual studio 2015\projects\dirextx_3d\dx_171203_01_\debug\grid.obj
\\mac\home\documents\visual studio 2015\projects\dirextx_3d\dx_171203_01_\debug\input.obj
\\mac\home\documents\visual studio 2015\projects\dirextx_3d\dx_171203_01_\debug\light.obj
\\mac\home\documents\visual studio 2015\projects\dirextx_3d\dx_171203_01_\debug\main.obj
\\mac\home\documents\visual studio 2015\projects\dirextx_3d\dx_171203_01_\debug\meshfield.obj
\\mac\home\documents\visual studio 2015\projects\dirextx_3d\dx_171203_01_\debug\meshwall.obj
\\mac\home\documents\visual studio 2015\projects\dirextx_3d\dx_171203_01_\debug\object.obj
\\mac\home\documents\visual studio 2015\projects\dirextx_3d\dx_171203_01_\debug\player.obj
\\mac\home\documents\visual studio 2015\projects\dirextx_3d\dx_171203_01_\debug\polygon.obj
\\mac\home\documents\visual studio 2015\projects\dirextx_3d\dx_171203_01_\debug\cube.obj
\\mac\home\documents\visual studio 2015\projects\dirextx_3d\dx_171203_01_\debug\gamescene.obj
\\mac\home\documents\visual studio 2015\projects\dirextx_3d\dx_171203_01_\debug\resultscene.obj
\\mac\home\documents\visual studio 2015\projects\dirextx_3d\dx_171203_01_\debug\scenemanager.obj
\\mac\home\documents\visual studio 2015\projects\dirextx_3d\dx_171203_01_\debug\texture.obj
\\mac\home\documents\visual studio 2015\projects\dirextx_3d\dx_171203_01_\debug\titlescene.obj
\\mac\home\documents\visual studio 2015\projects\dirextx_3d\dx_171203_01_\debug\xmodel.obj
\\mac\home\documents\visual studio 2015\projects\dx_170619_02_jump\debug\dx_170619_01.ilk
\\mac\home\documents\visual studio 2015\projects\dx_170619_02_jump\debug\dx_170619_01.exe
\\mac\home\documents\visual studio 2015\projects\dx_170619_02_jump\debug\dx_170619_01.pdb
\\mac\home\documents\visual studio 2015\projects\dx_170621_01_rotate\debug\dx_170619_01.ilk
\\mac\home\documents\visual studio 2015\projects\dx_170621_01_rotate\debug\dx_170619_01.exe
\\mac\home\documents\visual studio 2015\projects\dx_170621_01_rotate\debug\dx_170619_01.pdb
\\mac\home\documents\visual studio 2015\projects\dirextx_3d\dx_171203_01_\debug\dx_170619_01.pdb
\\mac\home\documents\visual studio 2015\projects\dirextx_3d\dx_171203_01_\debug\polygon3dtest.obj
\\mac\home\documents\visual studio 2015\projects\dirextx_3d\dx_171203_01_\debug\scene.obj
\\mac\home\documents\visual studio 2015\projects\dirextx_3d\dx_171203_01_\debug\dx_170424_01_window.ilk
\\mac\home\documents\visual studio 2015\projects\dirextx_3d\dx_171203_01_\debug\dx_170524_.ilk
\\mac\home\documents\visual studio 2015\projects\dirextx_3d\dx_171203_01_\debug\dx_170619_01.ilk
\\mac\home\documents\visual studio 2015\projects\dirextx_3d\dx_171203_01_\debug\dx_170424_01_window.pdb
\\mac\home\documents\visual studio 2015\projects\dirextx_3d\dx_171203_01_\debug\dx_170524_.pdb
\\mac\home\documents\visual studio 2015\projects\dirextx_3d\dx_171203_01_\debug\dx_170614_.pdb
\\mac\home\documents\visual studio 2015\projects\dirextx_3d\dx_171203_01_\debug\dx_170619_01.exe
\\mac\home\documents\visual studio 2015\projects\dirextx_3d\dx_171203_01_\debug\dx_170619_01.tlog\cl.command.1.tlog
\\mac\home\documents\visual studio 2015\projects\dirextx_3d\dx_171203_01_\debug\dx_170619_01.tlog\cl.read.1.tlog
\\mac\home\documents\visual studio 2015\projects\dirextx_3d\dx_171203_01_\debug\dx_170619_01.tlog\cl.write.1.tlog
\\mac\home\documents\visual studio 2015\projects\dirextx_3d\dx_171203_01_\debug\dx_170619_01.tlog\link.command.1.tlog
\\mac\home\documents\visual studio 2015\projects\dirextx_3d\dx_171203_01_\debug\dx_170619_01.tlog\link.read.1.tlog
\\mac\home\documents\visual studio 2015\projects\dirextx_3d\dx_171203_01_\debug\dx_170619_01.tlog\link.write.1.tlog
